[LOG] System::create                           : Header version = 2.02.11. Current version = 2.02.11.
[LOG] SystemI::init                            : Initialize version=20211 (130436), maxchannels=256, flags=0x00020000
[LOG] SystemI::setOutputInternal               : Setting output to 'FMOD Core Audio Output'
[LOG] OutputCoreAudio::init                    : Output running 2 channels at 44100Hz sample rate.
[LOG] OutputCoreAudio::init                    : Maximum hardware read size: 512 samples, Software buffer size: 512 samples, Number of software buffers: 4.
[LOG] SystemI::init                            : Output requires a sample rate of 44100Hz, resampling will occur.
[LOG] OutputWASAPI::init                       : Output buffer size: 4096 samples, latency: 0.00ms, period: 10.00ms, DSP buffer: 1024 * 4
[LOG] Thread::initThread                       : Init FMOD stream thread. Affinity: 0x4000000000000003, Priority: 0xFFFF7FFB, Stack Size: 98304, Semaphore: No, Sleep Time: 10, Looping: Yes.
<<<<<<< HEAD
[LOG] Thread::initThread                       : Init FMOD mixer thread. Affinity: 0x4000000000000001, Priority: 0xFFFF7FFA, Stack Size: 81920, Semaphore: Yes, Sleep Time: 0, Looping: Yes.
[LOG] AsyncManager::init                       : manager 0x14a41fa08 isAsync 0 updatePeriod 0.02
=======
[LOG] Thread::initThread                       : Init FMOD mixer thread. Affinity: 0x4000000000000001, Priority: 0xFFFF7FFA, Stack Size: 81920, Semaphore: No, Sleep Time: 0, Looping: Yes.
[LOG] AsyncManager::init                       : manager 000002A4CAEA0278 isAsync 0 updatePeriod 0.02
>>>>>>> 3a0cc6bbe8ea95351972002bb6adac56e0df6ead
[LOG] AsyncManager::init                       : done
[LOG] PlaybackSystem::init                     : 
[LOG] Thread::initThread                       : Init FMOD Studio sample load thread. Affinity: 0x4000000000000003, Priority: 0xFFFF7FFD, Stack Size: 98304, Semaphore: No, Sleep Time: 1, Looping: No.
[LOG] PlaybackSystem::init                     : done
[LOG] Thread::initThread                       : Init FMOD Studio bank load thread. Affinity: 0x4000000000000003, Priority: 0xFFFF7FFD, Stack Size: 98304, Semaphore: No, Sleep Time: 1, Looping: No.
[LOG] Manager::init                            : done.
<<<<<<< HEAD
=======
[LOG] Manager::readBank                        : fileversion = 142, compatVersion = 140 (oldest = 44, newest = 142)
[LOG] Manager::readBank                        : fileversion = 142, compatVersion = 140 (oldest = 44, newest = 142)
[LOG] Manager::readBank                        : fileversion = 142, compatVersion = 140 (oldest = 44, newest = 142)
[LOG] PlaybackSystem::acquireMasterBus         : Setting master channel group format to 6
[LOG] SystemI::createSoundInternal             : Create name='', mode=0x02000202
[LOG] SystemI::createSoundInternal             : exinfo->cbsize             = 224
[LOG] SystemI::createSoundInternal             : exinfo->length             = 3799200
[LOG] SystemI::createSoundInternal             : exinfo->fileoffset         = 55840
[LOG] SystemI::createSoundInternal             : exinfo->numsubsounds       = 1
[LOG] SystemI::createSoundInternal             : exinfo->inclusionlist      = 000000EFCE1FF0C8
[LOG] SystemI::createSoundInternal             : exinfo->inclusionlistnum   = 1
[LOG] SystemI::createSoundInternal             : exinfo->suggestedsoundtype = 5
[LOG] SystemI::createSoundInternal             : exinfo->useropen           = 00007FFDEDE63490
[LOG] SystemI::createSoundInternal             : exinfo->userclose          = 00007FFDEDE63450
[LOG] SystemI::createSoundInternal             : exinfo->userread           = 00007FFDEDE63570
[LOG] SystemI::createSoundInternal             : exinfo->userseek           = 00007FFDEDE63630
[LOG] SystemI::createSoundInternal             : exinfo->fileuserdata       = 000002A6F69B9AB8
[LOG] SystemI::createSoundInternal             : exinfo->initialseekpostype = 1
[LOG] SystemI::DSPCodecPoolRegister            : register codec pool for pool type 5
[LOG] SystemI::createSoundInternal             : Sample 0/1: name='grassStep4', format=5, channels=2, frequency=48000, lengthbytes=3328, lengthpcm=15000, pcmblocksize=0, loopstart=0, loopend=0, mode=0x00000000, channelmask=0x00000000, channelorder=0, peakvolume=0.246277.
[LOG] SystemI::createSoundInternal             : Create name='', mode=0x02000202
[LOG] SystemI::createSoundInternal             : exinfo->cbsize             = 224
[LOG] SystemI::createSoundInternal             : exinfo->length             = 3799200
[LOG] SystemI::createSoundInternal             : exinfo->fileoffset         = 55840
[LOG] SystemI::createSoundInternal             : exinfo->numsubsounds       = 1
[LOG] SystemI::createSoundInternal             : exinfo->inclusionlist      = 000000EFCE1FF0C8
[LOG] SystemI::createSoundInternal             : exinfo->inclusionlistnum   = 1
[LOG] SystemI::createSoundInternal             : exinfo->suggestedsoundtype = 5
[LOG] SystemI::createSoundInternal             : exinfo->useropen           = 00007FFDEDE63490
[LOG] SystemI::createSoundInternal             : exinfo->userclose          = 00007FFDEDE63450
[LOG] SystemI::createSoundInternal             : exinfo->userread           = 00007FFDEDE63570
[LOG] SystemI::createSoundInternal             : exinfo->userseek           = 00007FFDEDE63630
[LOG] SystemI::createSoundInternal             : exinfo->fileuserdata       = 000002A6F69B9AB8
[LOG] SystemI::createSoundInternal             : exinfo->initialseekpostype = 1
[LOG] SystemI::DSPCodecPoolRegister            : register codec pool for pool type 5
[LOG] SystemI::createSoundInternal             : Sample 0/1: name='grassStep2', format=5, channels=2, frequency=48000, lengthbytes=3680, lengthpcm=14999, pcmblocksize=0, loopstart=0, loopend=0, mode=0x00000000, channelmask=0x00000000, channelorder=0, peakvolume=0.049622.
[LOG] SystemI::createSoundInternal             : Create name='', mode=0x02000202
[LOG] SystemI::createSoundInternal             : exinfo->cbsize             = 224
[LOG] SystemI::createSoundInternal             : exinfo->length             = 3799200
[LOG] SystemI::createSoundInternal             : exinfo->fileoffset         = 55840
[LOG] SystemI::createSoundInternal             : exinfo->numsubsounds       = 1
[LOG] SystemI::createSoundInternal             : exinfo->inclusionlist      = 000000EFCE1FF0C8
[LOG] SystemI::createSoundInternal             : exinfo->inclusionlistnum   = 1
[LOG] SystemI::createSoundInternal             : exinfo->suggestedsoundtype = 5
[LOG] SystemI::createSoundInternal             : exinfo->useropen           = 00007FFDEDE63490
[LOG] SystemI::createSoundInternal             : exinfo->userclose          = 00007FFDEDE63450
[LOG] SystemI::createSoundInternal             : exinfo->userread           = 00007FFDEDE63570
[LOG] SystemI::createSoundInternal             : exinfo->userseek           = 00007FFDEDE63630
[LOG] SystemI::createSoundInternal             : exinfo->fileuserdata       = 000002A6F69B9AB8
[LOG] SystemI::createSoundInternal             : exinfo->initialseekpostype = 1
[LOG] SystemI::DSPCodecPoolRegister            : register codec pool for pool type 5
[LOG] SystemI::createSoundInternal             : Sample 0/1: name='grassStep3', format=5, channels=2, frequency=48000, lengthbytes=3456, lengthpcm=15000, pcmblocksize=0, loopstart=0, loopend=0, mode=0x00000000, channelmask=0x00000000, channelorder=0, peakvolume=0.191467.
[LOG] SystemI::createSoundInternal             : Create name='', mode=0x02000202
[LOG] SystemI::createSoundInternal             : exinfo->cbsize             = 224
[LOG] SystemI::createSoundInternal             : exinfo->length             = 3799200
[LOG] SystemI::createSoundInternal             : exinfo->fileoffset         = 55840
[LOG] SystemI::createSoundInternal             : exinfo->numsubsounds       = 1
[LOG] SystemI::createSoundInternal             : exinfo->inclusionlist      = 000000EFCE1FF0C8
[LOG] SystemI::createSoundInternal             : exinfo->inclusionlistnum   = 1
[LOG] SystemI::createSoundInternal             : exinfo->suggestedsoundtype = 5
[LOG] SystemI::createSoundInternal             : exinfo->useropen           = 00007FFDEDE63490
[LOG] SystemI::createSoundInternal             : exinfo->userclose          = 00007FFDEDE63450
[LOG] SystemI::createSoundInternal             : exinfo->userread           = 00007FFDEDE63570
[LOG] SystemI::createSoundInternal             : exinfo->userseek           = 00007FFDEDE63630
[LOG] SystemI::createSoundInternal             : exinfo->fileuserdata       = 000002A6F69B9AB8
[LOG] SystemI::createSoundInternal             : exinfo->initialseekpostype = 1
[LOG] SystemI::DSPCodecPoolRegister            : register codec pool for pool type 5
[LOG] SystemI::createSoundInternal             : Sample 0/1: name='grassStep1', format=5, channels=2, frequency=48000, lengthbytes=3296, lengthpcm=14999, pcmblocksize=0, loopstart=0, loopend=0, mode=0x00000000, channelmask=0x00000000, channelorder=0, peakvolume=0.114044.
[LOG] SoundI::release                          :  (000002A820E432C8)
[LOG] SoundI::release                          :     grassStep1 (000002A861076C78)
[LOG] SoundI::release                          :  (000002A820E44F88)
[LOG] SoundI::release                          :     grassStep2 (000002A861076AD8)
[LOG] SoundI::release                          :  (000002A820E42E78)
[LOG] SoundI::release                          :     grassStep3 (000002A861076938)
[LOG] SoundI::release                          :  (000002A820E449C8)
[LOG] SoundI::release                          :     grassStep4 (000002A861075A98)
[LOG] Thread::callback                         : FMOD Studio update thread finished.
[LOG] Thread::callback                         : FMOD Studio bank load thread finished.
[LOG] Profile::disconnectAll                   : Profiler disconnecting all clients
[LOG] Thread::callback                         : FMOD Studio sample load thread finished.
[LOG] LiveUpdate::release                      : 
[LOG] LiveUpdate::reset                        : Reset connection (reason Disconnected)
[LOG] Thread::callback                         : FMOD stream thread finished.
[LOG] Thread::callback                         : FMOD mixer thread finished.
[LOG] Profile::disconnectAll                   : Profiler disconnecting all clients
[LOG] SystemI::close                           : Closed.
>>>>>>> 3a0cc6bbe8ea95351972002bb6adac56e0df6ead
[LOG] Thread::callback                         : FMOD Studio bank load thread finished.
[LOG] Thread::callback                         : FMOD Studio sample load thread finished.
[LOG] LiveUpdate::release                      : 
[LOG] LiveUpdate::reset                        : Reset connection (reason Disconnected)
[LOG] Thread::callback                         : FMOD stream thread finished.
[LOG] Thread::callback                         : FMOD mixer thread finished.
[LOG] SystemI::close                           : Closed.
